#
# A fatal error has been detected by the Java Runtime Environment:
#
#  EXCEPTION_ACCESS_VIOLATION (0xc0000005) at pc=0x00007ffc9728ca56, pid=19668, tid=12180
#
# JRE version: OpenJDK Runtime Environment Temurin-17.0.8.1+1 (17.0.8.1+1) (build 17.0.8.1+1)
# Java VM: OpenJDK 64-Bit Server VM Temurin-17.0.8.1+1 (17.0.8.1+1, mixed mode, tiered, compressed oops, compressed class ptrs, g1 gc, windows-amd64)
# Problematic frame:
# V  [jvm.dll+0xca56]
#
# No core dump will be written. Minidumps are not enabled by default on client versions of Windows
#
# If you would like to submit a bug report, please visit:
#   https://github.com/adoptium/adoptium-support/issues
#

---------------  S U M M A R Y ------------

Command Line: -ea -Dfile.encoding=UTF-8 -XX:+ShowCodeDetailsInExceptionMessages org.testng.remote.RemoteTestNG -serport 59611 -protocol json -d C:\Users\ASUS\eclipse-workspace\latestEclipse\TutorialsNinjaProj\test-output C:\Users\ASUS\AppData\Local\Temp\testng-eclipse-295051288\testng-customsuite.xml

Host: AMD Ryzen 5 5500U with Radeon Graphics         , 12 cores, 7G,  Windows 11 , 64 bit Build 22621 (10.0.22621.2428)
Time: Fri Jul 19 08:34:43 2024 India Standard Time elapsed time: 2.206676 seconds (0d 0h 0m 2s)

---------------  T H R E A D  ---------------

Current thread (0x000002417939a570):  GCTaskThread "GC Thread#1" [stack: 0x000000e77c400000,0x000000e77c500000] [id=12180]

Stack: [0x000000e77c400000,0x000000e77c500000],  sp=0x000000e77c4fddb8,  free space=1015k
Native frames: (J=compiled Java code, j=interpreted, Vv=VM code, C=native code)
V  [jvm.dll+0xca56]

JavaThread 0x000002415a286c70 (nid = 9584) was being processed
Java frames: (J=compiled Java code, j=interpreted, Vv=VM code)
J 869  java.lang.ClassLoader.defineClass1(Ljava/lang/ClassLoader;Ljava/lang/String;[BIILjava/security/ProtectionDomain;Ljava/lang/String;)Ljava/lang/Class; java.base@17.0.8.1 (0 bytes) @ 0x000002416544265b [0x00000241654425a0+0x00000000000000bb]
J 937 c1 java.lang.ClassLoader.defineClass(Ljava/lang/String;[BIILjava/security/ProtectionDomain;)Ljava/lang/Class; java.base@17.0.8.1 (43 bytes) @ 0x000002415dac31c4 [0x000002415dac2e80+0x0000000000000344]
J 1323 c1 java.security.SecureClassLoader.defineClass(Ljava/lang/String;[BIILjava/security/CodeSource;)Ljava/lang/Class; java.base@17.0.8.1 (16 bytes) @ 0x000002415db7670c [0x000002415db76640+0x00000000000000cc]
J 921 c1 jdk.internal.loader.BuiltinClassLoader.defineClass(Ljava/lang/String;Ljdk/internal/loader/Resource;)Ljava/lang/Class; java.base@17.0.8.1 (121 bytes) @ 0x000002415dabd4dc [0x000002415dabc600+0x0000000000000edc]
J 867 c1 jdk.internal.loader.BuiltinClassLoader.findClassOnClassPathOrNull(Ljava/lang/String;)Ljava/lang/Class; java.base@17.0.8.1 (64 bytes) @ 0x000002415da9947c [0x000002415da98400+0x000000000000107c]
J 454 c1 jdk.internal.loader.BuiltinClassLoader.loadClassOrNull(Ljava/lang/String;Z)Ljava/lang/Class; java.base@17.0.8.1 (143 bytes) @ 0x000002415d9eee84 [0x000002415d9edfc0+0x0000000000000ec4]
J 863 c1 jdk.internal.loader.ClassLoaders$AppClassLoader.loadClass(Ljava/lang/String;Z)Ljava/lang/Class; java.base@17.0.8.1 (40 bytes) @ 0x000002415da96e74 [0x000002415da96860+0x0000000000000614]
J 862 c1 java.lang.ClassLoader.loadClass(Ljava/lang/String;)Ljava/lang/Class; java.base@17.0.8.1 (7 bytes) @ 0x000002415da964bc [0x000002415da963c0+0x00000000000000fc]
v  ~StubRoutines::call_stub
J 1030  java.lang.Class.forName0(Ljava/lang/String;ZLjava/lang/ClassLoader;Ljava/lang/Class;)Ljava/lang/Class; java.base@17.0.8.1 (0 bytes) @ 0x000002416544d4a7 [0x000002416544d420+0x0000000000000087]
j  java.lang.Class.forName(Ljava/lang/String;ZLjava/lang/ClassLoader;)Ljava/lang/Class;+43 java.base@17.0.8.1
j  org.apache.xmlbeans.impl.schema.SchemaTypeImpl.getJavaImplClass()Ljava/lang/Class;+38
j  org.apache.xmlbeans.impl.schema.SchemaTypeImpl.getJavaImplConstructor()Ljava/lang/reflect/Constructor;+15
j  org.apache.xmlbeans.impl.schema.SchemaTypeImpl.createUnattachedNode(Lorg/apache/xmlbeans/SchemaProperty;)Lorg/apache/xmlbeans/XmlObject;+17
j  org.apache.xmlbeans.impl.schema.SchemaTypeImpl.createElementType(Ljavax/xml/namespace/QName;Ljavax/xml/namespace/QName;Lorg/apache/xmlbeans/SchemaTypeLoader;)Lorg/apache/xmlbeans/XmlObject;+205
j  org.apache.xmlbeans.impl.values.XmlObjectBase.create_element_user(Ljavax/xml/namespace/QName;Ljavax/xml/namespace/QName;)Lorg/apache/xmlbeans/impl/values/TypeStoreUser;+18
j  org.apache.xmlbeans.impl.store.Xobj.getUser()Lorg/apache/xmlbeans/impl/values/TypeStoreUser;+109
j  org.apache.xmlbeans.impl.store.Xobj.find_all_element_users(Ljavax/xml/namespace/QName;Ljava/util/List;)V+29
j  org.openxmlformats.schemas.spreadsheetml.x2006.main.impl.CTCellXfsImpl.getXfArray()[Lorg/openxmlformats/schemas/spreadsheetml/x2006/main/CTXf;+27
j  org.apache.poi.xssf.model.StylesTable.readFrom(Ljava/io/InputStream;)V+373
j  org.apache.poi.xssf.model.StylesTable.<init>(Lorg/apache/poi/openxml4j/opc/PackagePart;)V+116
j  org.apache.poi.xssf.usermodel.XSSFRelation$$Lambda$258+0x00000001002055a0.init(Lorg/apache/poi/openxml4j/opc/PackagePart;)Lorg/apache/poi/ooxml/POIXMLDocumentPart;+5
j  org.apache.poi.ooxml.POIXMLFactory.createDocumentPart(Lorg/apache/poi/ooxml/POIXMLDocumentPart;Lorg/apache/poi/openxml4j/opc/PackagePart;)Lorg/apache/poi/ooxml/POIXMLDocumentPart;+73
j  org.apache.poi.ooxml.POIXMLDocumentPart.read(Lorg/apache/poi/ooxml/POIXMLFactory;Ljava/util/Map;)V+259
j  org.apache.poi.ooxml.POIXMLDocument.load(Lorg/apache/poi/ooxml/POIXMLFactory;)V+11
j  org.apache.poi.xssf.usermodel.XSSFWorkbook.<init>(Lorg/apache/poi/openxml4j/opc/OPCPackage;)V+54
j  org.apache.poi.xssf.usermodel.XSSFWorkbook.<init>(Ljava/io/InputStream;)V+5
j  com.tutorialsninja.qa.utils.Utilities.getTestDataFromExcel(Ljava/lang/String;)[[Ljava/lang/Object;+47
j  com.tutorialsninja.qa.testcases.Login.supplyTestData()[[Ljava/lang/Object;+2
v  ~StubRoutines::call_stub
j  jdk.internal.reflect.NativeMethodAccessorImpl.invoke0(Ljava/lang/reflect/Method;Ljava/lang/Object;[Ljava/lang/Object;)Ljava/lang/Object;+0 java.base@17.0.8.1
j  jdk.internal.reflect.NativeMethodAccessorImpl.invoke(Ljava/lang/Object;[Ljava/lang/Object;)Ljava/lang/Object;+133 java.base@17.0.8.1
j  jdk.internal.reflect.DelegatingMethodAccessorImpl.invoke(Ljava/lang/Object;[Ljava/lang/Object;)Ljava/lang/Object;+6 java.base@17.0.8.1
j  java.lang.reflect.Method.invoke(Ljava/lang/Object;[Ljava/lang/Object;)Ljava/lang/Object;+59 java.base@17.0.8.1
j  org.testng.internal.invokers.MethodInvocationHelper.invokeMethod(Ljava/lang/reflect/Method;Ljava/lang/Object;[Ljava/lang/Object;)Ljava/lang/Object;+198
j  org.testng.internal.invokers.MethodInvocationHelper.invokeMethod(Ljava/lang/reflect/Method;Ljava/lang/Object;Ljava/util/List;)Ljava/lang/Object;+12
j  org.testng.internal.invokers.MethodInvocationHelper.invokeMethodNoCheckedException(Ljava/lang/reflect/Method;Ljava/lang/Object;Ljava/util/List;)Ljava/lang/Object;+3
j  org.testng.internal.invokers.MethodInvocationHelper.invokeDataProvider(Ljava/lang/Object;Ljava/lang/reflect/Method;Lorg/testng/ITestNGMethod;Lorg/testng/ITestContext;Ljava/lang/Object;Lorg/testng/internal/annotations/IAnnotationFinder;)Ljava/util/Iterator;+16
j  org.testng.internal.Parameters.handleParameters(Lorg/testng/ITestObjectFactory;Lorg/testng/ITestNGMethod;Ljava/util/Map;Ljava/lang/Object;Lorg/testng/internal/Parameters$MethodParameters;Lorg/testng/xml/XmlSuite;Lorg/testng/internal/annotations/IAnnotationFinder;Ljava/lang/Object;Lorg/testng/DataProviderHolder;Ljava/lang/String;)Lorg/testng/internal/invokers/ParameterHolder;+264
j  org.testng.internal.Parameters.handleParameters(Lorg/testng/ITestObjectFactory;Lorg/testng/ITestNGMethod;Ljava/util/Map;Ljava/lang/Object;Lorg/testng/internal/Parameters$MethodParameters;Lorg/testng/xml/XmlSuite;Lorg/testng/internal/annotations/IAnnotationFinder;Ljava/lang/Object;Lorg/testng/DataProviderHolder;)Lorg/testng/internal/invokers/ParameterHolder;+17
j  org.testng.internal.invokers.ParameterHandler.handleParameters(Lorg/testng/ITestNGMethod;Ljava/lang/Object;Ljava/util/Map;Ljava/util/Map;Lorg/testng/ITestContext;Ljava/lang/Object;)Lorg/testng/internal/invokers/ParameterHandler$ParameterBag;+43
j  org.testng.internal.invokers.ParameterHandler.createParameters(Lorg/testng/ITestNGMethod;Ljava/util/Map;Ljava/util/Map;Lorg/testng/ITestContext;Ljava/lang/Object;)Lorg/testng/internal/invokers/ParameterHandler$ParameterBag;+14
j  org.testng.internal.invokers.TestInvoker$MethodInvocationAgent.invoke(I)I+98
j  org.testng.internal.invokers.TestInvoker.invokeTestMethods(Lorg/testng/ITestNGMethod;Lorg/testng/internal/ConfigurationGroupMethods;Ljava/lang/Object;Lorg/testng/ITestContext;)Ljava/util/List;+571
j  org.testng.internal.invokers.TestMethodWorker.invokeTestMethods(Lorg/testng/ITestNGMethod;Ljava/lang/Object;)V+14
j  org.testng.internal.invokers.TestMethodWorker.run()V+162
j  org.testng.TestRunner$$Lambda$219+0x0000000100193458.accept(Ljava/lang/Object;)V+7
j  java.util.ArrayList.forEach(Ljava/util/function/Consumer;)V+46 java.base@17.0.8.1
j  org.testng.TestRunner.privateRun(Lorg/testng/xml/XmlTest;)V+322
j  org.testng.TestRunner.run()V+11
j  org.testng.SuiteRunner.runTest(Lorg/testng/TestRunner;)V+21
j  org.testng.SuiteRunner.runSequentially()V+31
j  org.testng.SuiteRunner.privateRun()V+341
j  org.testng.SuiteRunner.run()V+6
j  org.testng.SuiteRunnerWorker.runSuite(Lorg/testng/internal/invokers/SuiteRunnerMap;Lorg/testng/xml/XmlSuite;)V+56
j  org.testng.SuiteRunnerWorker.run()V+12
j  org.testng.TestNG.runSuitesSequentially(Lorg/testng/xml/XmlSuite;Lorg/testng/internal/invokers/SuiteRunnerMap;ILjava/lang/String;)V+66
j  org.testng.TestNG.runSuitesLocally()Ljava/util/List;+190
j  org.testng.TestNG.runSuites()Ljava/util/List;+1
j  org.testng.TestNG.run()V+25
j  org.testng.remote.AbstractRemoteTestNG.run()V+149
j  org.testng.remote.RemoteTestNG.initAndRun(Lorg/testng/remote/IRemoteTestNG;[Ljava/lang/String;Lorg/testng/CommandLineArgs;Lorg/testng/remote/RemoteArgs;)V+272
j  org.testng.remote.RemoteTestNG.main([Ljava/lang/String;)V+223
v  ~StubRoutines::call_stub

siginfo: EXCEPTION_ACCESS_VIOLATION (0xc0000005), reading address 0x0000000569000420


Register to memory mapping:

RIP=0x00007ffc9728ca56 jvm.dll
RAX=0x0000000000000002 is an unknown value
RBX=0x0000000000000001 is an unknown value
RCX=0x00000000909aac81 is pointing into object: java.lang.String 
{0x00000000909aac80} - klass: 'java/lang/String'
 - string: "http://schemas.openxmlformats.org/wordprocessingml/2006/main"
RDX=0x00000000909aac81 is pointing into object: java.lang.String 
{0x00000000909aac80} - klass: 'java/lang/String'
 - string: "http://schemas.openxmlformats.org/wordprocessingml/2006/main"
RSP=0x000000e77c4fddb8 points into unknown readable memory: 0x00007ffc975887af | af 87 58 97 fc 7f 00 00
RBP=0x000000e77c4fde38 points into unknown readable memory: 0x0000000000000000 | 00 00 00 00 00 00 00 00
RSI=0x0000024179cac2c0 points into unknown readable memory: 0x00007ffc97bda638 | 38 a6 bd 97 fc 7f 00 00
RDI=0x0000024179cac2c0 points into unknown readable memory: 0x00007ffc97bda638 | 38 a6 bd 97 fc 7f 00 00
R8 =0x00000000909aac81 is pointing into object: java.lang.String 
{0x00000000909aac80} - klass: 'java/lang/String'
 - string: "http://schemas.openxmlformats.org/wordprocessingml/2006/main"
R9 =0x0000000569000418 is an unknown value
R10=0x00000000909aac81 is pointing into object: java.lang.String 
{0x00000000909aac80} - klass: 'java/lang/String'
 - string: "http://schemas.openxmlformats.org/wordprocessingml/2006/main"
R11=0x0000000000000001 is an unknown value
R12=0x000000000000006d is an unknown value
R13=0x00000000909aac81 is pointing into object: java.lang.String 
{0x00000000909aac80} - klass: 'java/lang/String'
 - string: "http://schemas.openxmlformats.org/wordprocessingml/2006/main"
R14=0x0000000569000418 is an unknown value
R15=0x0 is NULL


Registers:
RAX=0x0000000000000002, RBX=0x0000000000000001, RCX=0x00000000909aac81, RDX=0x00000000909aac81
RSP=0x000000e77c4fddb8, RBP=0x000000e77c4fde38, RSI=0x0000024179cac2c0, RDI=0x0000024179cac2c0
R8 =0x00000000909aac81, R9 =0x0000000569000418, R10=0x00000000909aac81, R11=0x0000000000000001
R12=0x000000000000006d, R13=0x00000000909aac81, R14=0x0000000569000418, R15=0x0000000000000000
RIP=0x00007ffc9728ca56, EFLAGS=0x0000000000010206

Top of Stack: (sp=0x000000e77c4fddb8)
0x000000e77c4fddb8:   00007ffc975887af 0000000000000000
0x000000e77c4fddc8:   0000000000000001 000000e77c4fde38
0x000000e77c4fddd8:   00007ffc9732c991 0000000000000000
0x000000e77c4fdde8:   000000e700000000 0000000000000001
0x000000e77c4fddf8:   0000024174dc0001 0000000000000000
0x000000e77c4fde08:   0000000000000001 0000000000000008
0x000000e77c4fde18:   0000000000000001 0000000000000001
0x000000e77c4fde28:   0000000000000040 0000024179cac440
0x000000e77c4fde38:   0000000000000000 0000000000000040
0x000000e77c4fde48:   000000e77c4fe0b8 000000000000006d
0x000000e77c4fde58:   0000024179cac2c0 000000008fe20aec
0x000000e77c4fde68:   000000008fe20aed 0000000000001905
0x000000e77c4fde78:   00007ffc97589842 0000000090390000
0x000000e77c4fde88:   0000000000000001 000002415a2a0001
0x000000e77c4fde98:   6b000000008ffbfe 000000e77c4fdf20
0x000000e77c4fdea8:   0000000000000091 0000000000000001 

Instructions: (pc=0x00007ffc9728ca56)
0x00007ffc9728c956:   cc cc cc cc cc cc cc cc cc cc 4c 8b 01 4c 8b c9
0x00007ffc9728c966:   48 8b 0d 13 14 b5 00 ba 64 60 08 00 e9 49 f1 ff
0x00007ffc9728c976:   ff cc cc cc cc cc cc cc cc cc 8b 05 82 59 af 00
0x00007ffc9728c986:   c3 cc cc cc cc cc cc cc cc cc 0f b6 05 e7 1c b6
0x00007ffc9728c996:   00 48 8b d1 84 c0 74 16 44 8b 41 08 8b 0d 60 59
0x00007ffc9728c9a6:   af 00 49 d3 e0 4c 03 05 4e 59 af 00 eb 04 4c 8b
0x00007ffc9728c9b6:   41 08 45 8b 50 08 45 85 d2 7e 0e 41 f6 c2 01 75
0x00007ffc9728c9c6:   53 41 c1 fa 03 41 8b c2 c3 79 49 84 c0 b9 10 00
0x00007ffc9728c9d6:   00 00 8b 05 66 68 af 00 41 b8 0c 00 00 00 41 0f
0x00007ffc9728c9e6:   45 c8 ff c8 4c 63 c8 48 63 14 11 41 8b ca 83 e1
0x00007ffc9728c9f6:   3f 48 d3 e2 41 8b ca 48 c1 f9 10 0f b6 c1 49 8d
0x00007ffc9728ca06:   0c 11 49 f7 d1 48 03 c1 49 c1 e9 03 48 c1 e8 03
0x00007ffc9728ca16:   41 23 c1 c3 49 8b 00 49 8b c8 48 ff a0 00 01 00
0x00007ffc9728ca26:   00 cc cc cc cc cc cc cc cc cc 8b 44 24 30 45 03
0x00007ffc9728ca36:   c9 44 2b 4c 24 28 83 c0 0b 44 03 ca 45 03 c8 41
0x00007ffc9728ca46:   03 c1 c3 cc cc cc cc cc cc cc 4c 8b ca 48 8b d1
0x00007ffc9728ca56:   45 8b 41 08 45 85 c0 7e 0e 41 f6 c0 01 75 56 41
0x00007ffc9728ca66:   c1 f8 03 41 8b c0 c3 79 4c 80 3d 08 1c b6 00 00
0x00007ffc9728ca76:   b8 0c 00 00 00 b9 10 00 00 00 0f 45 c8 8b 05 bb
0x00007ffc9728ca86:   67 af 00 ff c8 4c 63 c8 48 63 14 11 41 8b c8 83
0x00007ffc9728ca96:   e1 3f 48 d3 e2 41 8b c8 48 c1 f9 10 0f b6 c1 49
0x00007ffc9728caa6:   8d 0c 11 49 f7 d1 48 03 c1 49 c1 e9 03 48 c1 e8
0x00007ffc9728cab6:   03 41 23 c1 c3 49 8b 01 49 8b c9 48 ff a0 00 01
0x00007ffc9728cac6:   00 00 cc cc cc cc cc cc cc cc 48 8b 41 08 0f b7
0x00007ffc9728cad6:   48 2a 0f b7 40 28 83 c0 48 03 c1 c3 cc cc cc cc
0x00007ffc9728cae6:   cc cc cc cc cc cc cc cc cc cc 48 89 5c 24 08 57
0x00007ffc9728caf6:   48 83 ec 20 0f b6 05 af fc b9 00 48 8b fa 48 8b
0x00007ffc9728cb06:   d9 84 c0 74 4f 48 85 15 96 f4 b9 00 74 38 48 8b
0x00007ffc9728cb16:   ca e8 94 a3 85 00 48 8b d0 48 85 db 74 25 48 85
0x00007ffc9728cb26:   c0 74 20 48 8b c7 f0 48 0f b1 13 74 16 48 85 05
0x00007ffc9728cb36:   6e f4 b9 00 74 0d 48 8b c8 f0 48 0f b1 13 48 3b
0x00007ffc9728cb46:   c1 75 ea 48 8b fa 48 8b c7 48 8b 5c 24 30 48 83 


Stack slot to memory mapping:
stack at sp + 0 slots: 0x00007ffc975887af jvm.dll
stack at sp + 1 slots: 0x0 is NULL
stack at sp + 2 slots: 0x0000000000000001 is an unknown value
stack at sp + 3 slots: 0x000000e77c4fde38 points into unknown readable memory: 0x0000000000000000 | 00 00 00 00 00 00 00 00
stack at sp + 4 slots: 0x00007ffc9732c991 jvm.dll
stack at sp + 5 slots: 0x0 is NULL
stack at sp + 6 slots: 0x000000e700000000 is an unknown value
stack at sp + 7 slots: 0x0000000000000001 is an unknown value


---------------  P R O C E S S  ---------------

Threads class SMR info:
_java_thread_list=0x0000024179cb1b80, length=18, elements={
0x000002415a286c70, 0x00000241741718c0, 0x0000024174172190, 0x0000024174180350,
0x0000024174180c20, 0x00000241741814f0, 0x00000241741878e0, 0x00000241741888f0,
0x00000241741e16a0, 0x00000241741e2790, 0x000002417434b6e0, 0x0000024174347f30,
0x0000024174c03580, 0x000002417434a2a0, 0x0000024174348e60, 0x0000024174349370,
0x000002417434a7b0, 0x0000024179cae5e0
}

Java Threads: ( => current thread )
  0x000002415a286c70 JavaThread "main" [_thread_blocked, id=9584, stack(0x000000e77ab00000,0x000000e77ac00000)]
  0x00000241741718c0 JavaThread "Reference Handler" daemon [_thread_blocked, id=24676, stack(0x000000e77b200000,0x000000e77b300000)]
  0x0000024174172190 JavaThread "Finalizer" daemon [_thread_blocked, id=2416, stack(0x000000e77b300000,0x000000e77b400000)]
  0x0000024174180350 JavaThread "Signal Dispatcher" daemon [_thread_blocked, id=13884, stack(0x000000e77b400000,0x000000e77b500000)]
  0x0000024174180c20 JavaThread "Attach Listener" daemon [_thread_blocked, id=11780, stack(0x000000e77b500000,0x000000e77b600000)]
  0x00000241741814f0 JavaThread "Service Thread" daemon [_thread_blocked, id=12812, stack(0x000000e77b600000,0x000000e77b700000)]
  0x00000241741878e0 JavaThread "Monitor Deflation Thread" daemon [_thread_blocked, id=18932, stack(0x000000e77b700000,0x000000e77b800000)]
  0x00000241741888f0 JavaThread "C2 CompilerThread0" daemon [_thread_blocked, id=20108, stack(0x000000e77b800000,0x000000e77b900000)]
  0x00000241741e16a0 JavaThread "C1 CompilerThread0" daemon [_thread_blocked, id=364, stack(0x000000e77b900000,0x000000e77ba00000)]
  0x00000241741e2790 JavaThread "Sweeper thread" daemon [_thread_blocked, id=20568, stack(0x000000e77ba00000,0x000000e77bb00000)]
  0x000002417434b6e0 JavaThread "Notification Thread" daemon [_thread_blocked, id=9280, stack(0x000000e77bb00000,0x000000e77bc00000)]
  0x0000024174347f30 JavaThread "Common-Cleaner" daemon [_thread_blocked, id=16120, stack(0x000000e77bd00000,0x000000e77be00000)]
  0x0000024174c03580 JavaThread "C2 CompilerThread1" daemon [_thread_blocked, id=15332, stack(0x000000e77be00000,0x000000e77bf00000)]
  0x000002417434a2a0 JavaThread "ReaderThread" [_thread_in_native, id=17540, stack(0x000000e77c000000,0x000000e77c100000)]
  0x0000024174348e60 JavaThread "ForkJoinPool.commonPool-worker-1" daemon [_thread_blocked, id=10108, stack(0x000000e77c100000,0x000000e77c200000)]
  0x0000024174349370 JavaThread "ForkJoinPool.commonPool-worker-2" daemon [_thread_blocked, id=15880, stack(0x000000e77c200000,0x000000e77c300000)]
  0x000002417434a7b0 JavaThread "ForkJoinPool.commonPool-worker-3" daemon [_thread_blocked, id=5528, stack(0x000000e77c300000,0x000000e77c400000)]
  0x0000024179cae5e0 JavaThread "C2 CompilerThread2" daemon [_thread_blocked, id=24208, stack(0x000000e77ca00000,0x000000e77cb00000)]

Other Threads:
  0x00000241741a39d0 VMThread "VM Thread" [stack: 0x000000e77b100000,0x000000e77b200000] [id=7508]
  0x000002417434ff10 WatcherThread [stack: 0x000000e77bc00000,0x000000e77bd00000] [id=25340]
  0x000002415a2e1b50 GCTaskThread "GC Thread#0" [stack: 0x000000e77ac00000,0x000000e77ad00000] [id=22148]
=>0x000002417939a570 GCTaskThread "GC Thread#1" [stack: 0x000000e77c400000,0x000000e77c500000] [id=12180]
  0x00000241795ec090 GCTaskThread "GC Thread#2" [stack: 0x000000e77c500000,0x000000e77c600000] [id=7960]
  0x00000241795ec350 GCTaskThread "GC Thread#3" [stack: 0x000000e77c600000,0x000000e77c700000] [id=24624]
  0x000002417981ea10 GCTaskThread "GC Thread#4" [stack: 0x000000e77c700000,0x000000e77c800000] [id=2772]
  0x0000024179632150 GCTaskThread "GC Thread#5" [stack: 0x000000e77c800000,0x000000e77c900000] [id=11752]
  0x00000241796bb460 GCTaskThread "GC Thread#6" [stack: 0x000000e77c900000,0x000000e77ca00000] [id=2012]
  0x000002415a2f1ea0 ConcurrentGCThread "G1 Main Marker" [stack: 0x000000e77ad00000,0x000000e77ae00000] [id=8420]
  0x000002415a2f27c0 ConcurrentGCThread "G1 Conc#0" [stack: 0x000000e77ae00000,0x000000e77af00000] [id=8648]
  0x000002415a32dd30 ConcurrentGCThread "G1 Refine#0" [stack: 0x000000e77af00000,0x000000e77b000000] [id=19500]
  0x0000024173fd5530 ConcurrentGCThread "G1 Service" [stack: 0x000000e77b000000,0x000000e77b100000] [id=3504]

Threads with active compile tasks:
C2 CompilerThread0     2288 1756       4       java.lang.StringConcatHelper::prepend (37 bytes)

VM state: at safepoint (normal execution)

VM Mutex/Monitor currently owned by a thread:  ([mutex/lock_event])
[0x000002415a282650] Threads_lock - owner thread: 0x00000241741a39d0
[0x000002415a2813c0] Heap_lock - owner thread: 0x000002415a286c70

Heap address: 0x0000000089c00000, size: 1892 MB, Compressed Oops mode: 32-bit

CDS archive(s) not mapped
Compressed class space mapped at: 0x0000000100000000-0x0000000140000000, reserved size: 1073741824
Narrow klass base: 0x0000000000000000, Narrow klass shift: 3, Narrow klass range: 0x140000000

GC Precious Log:
 CPUs: 12 total, 12 available
 Memory: 7563M
 Large Page Support: Disabled
 NUMA Support: Disabled
 Compressed Oops: Enabled (32-bit)
 Heap Region Size: 1M
 Heap Min Capacity: 8M
 Heap Initial Capacity: 120M
 Heap Max Capacity: 1892M
 Pre-touch: Disabled
 Parallel Workers: 10
 Concurrent Workers: 3
 Concurrent Refinement Workers: 10
 Periodic GC: Disabled

Heap:
 garbage-first heap   total 122880K, used 27024K [0x0000000089c00000, 0x0000000100000000)
  region size 1024K, 23 young (23552K), 3 survivors (3072K)
 Metaspace       used 21287K, committed 21504K, reserved 1114112K
  class space    used 2252K, committed 2368K, reserved 1048576K

Heap Regions: E=young(eden), S=young(survivor), O=old, HS=humongous(starts), HC=humongous(continues), CS=collection set, F=free, OA=open archive, CA=closed archive, TAMS=top-at-mark-start (previous, next)
|   0|0x0000000089c00000, 0x0000000089d00000, 0x0000000089d00000|100%|HS|  |TAMS 0x0000000089c00000, 0x0000000089d00000| Complete 
|   1|0x0000000089d00000, 0x0000000089e00000, 0x0000000089e00000|100%| O|  |TAMS 0x0000000089d00000, 0x0000000089e00000| Untracked 
|   2|0x0000000089e00000, 0x0000000089f00000, 0x0000000089f00000|100%| O|  |TAMS 0x0000000089e00000, 0x0000000089f00000| Untracked 
|   3|0x0000000089f00000, 0x000000008a000000, 0x000000008a000000|100%| O|  |TAMS 0x0000000089f00000, 0x0000000089f64000| Untracked 
|   4|0x000000008a000000, 0x000000008a100000, 0x000000008a100000|100%| O|  |TAMS 0x000000008a000000, 0x000000008a000000| Untracked 
|   5|0x000000008a100000, 0x000000008a200000, 0x000000008a200000|100%| O|  |TAMS 0x000000008a100000, 0x000000008a100000| Untracked 
|   6|0x000000008a200000, 0x000000008a2603d8, 0x000000008a300000| 37%| O|  |TAMS 0x000000008a200000, 0x000000008a200000| Untracked 
|   7|0x000000008a300000, 0x000000008a300000, 0x000000008a400000|  0%| F|  |TAMS 0x000000008a300000, 0x000000008a300000| Untracked 
|   8|0x000000008a400000, 0x000000008a400000, 0x000000008a500000|  0%| F|  |TAMS 0x000000008a400000, 0x000000008a400000| Untracked 
|   9|0x000000008a500000, 0x000000008a500000, 0x000000008a600000|  0%| F|  |TAMS 0x000000008a500000, 0x000000008a500000| Untracked 
|  10|0x000000008a600000, 0x000000008a600000, 0x000000008a700000|  0%| F|  |TAMS 0x000000008a600000, 0x000000008a600000| Untracked 
|  11|0x000000008a700000, 0x000000008a700000, 0x000000008a800000|  0%| F|  |TAMS 0x000000008a700000, 0x000000008a700000| Untracked 
|  12|0x000000008a800000, 0x000000008a800000, 0x000000008a900000|  0%| F|  |TAMS 0x000000008a800000, 0x000000008a800000| Untracked 
|  13|0x000000008a900000, 0x000000008a900000, 0x000000008aa00000|  0%| F|  |TAMS 0x000000008a900000, 0x000000008a900000| Untracked 
|  14|0x000000008aa00000, 0x000000008aa00000, 0x000000008ab00000|  0%| F|  |TAMS 0x000000008aa00000, 0x000000008aa00000| Untracked 
|  15|0x000000008ab00000, 0x000000008ab00000, 0x000000008ac00000|  0%| F|  |TAMS 0x000000008ab00000, 0x000000008ab00000| Untracked 
|  16|0x000000008ac00000, 0x000000008ac00000, 0x000000008ad00000|  0%| F|  |TAMS 0x000000008ac00000, 0x000000008ac00000| Untracked 
|  17|0x000000008ad00000, 0x000000008ad00000, 0x000000008ae00000|  0%| F|  |TAMS 0x000000008ad00000, 0x000000008ad00000| Untracked 
|  18|0x000000008ae00000, 0x000000008ae00000, 0x000000008af00000|  0%| F|  |TAMS 0x000000008ae00000, 0x000000008ae00000| Untracked 
|  19|0x000000008af00000, 0x000000008af00000, 0x000000008b000000|  0%| F|  |TAMS 0x000000008af00000, 0x000000008af00000| Untracked 
|  20|0x000000008b000000, 0x000000008b000000, 0x000000008b100000|  0%| F|  |TAMS 0x000000008b000000, 0x000000008b000000| Untracked 
|  21|0x000000008b100000, 0x000000008b100000, 0x000000008b200000|  0%| F|  |TAMS 0x000000008b100000, 0x000000008b100000| Untracked 
|  22|0x000000008b200000, 0x000000008b200000, 0x000000008b300000|  0%| F|  |TAMS 0x000000008b200000, 0x000000008b200000| Untracked 
|  23|0x000000008b300000, 0x000000008b300000, 0x000000008b400000|  0%| F|  |TAMS 0x000000008b300000, 0x000000008b300000| Untracked 
|  24|0x000000008b400000, 0x000000008b400000, 0x000000008b500000|  0%| F|  |TAMS 0x000000008b400000, 0x000000008b400000| Untracked 
|  25|0x000000008b500000, 0x000000008b500000, 0x000000008b600000|  0%| F|  |TAMS 0x000000008b500000, 0x000000008b500000| Untracked 
|  26|0x000000008b600000, 0x000000008b600000, 0x000000008b700000|  0%| F|  |TAMS 0x000000008b600000, 0x000000008b600000| Untracked 
|  27|0x000000008b700000, 0x000000008b700000, 0x000000008b800000|  0%| F|  |TAMS 0x000000008b700000, 0x000000008b700000| Untracked 
|  28|0x000000008b800000, 0x000000008b800000, 0x000000008b900000|  0%| F|  |TAMS 0x000000008b800000, 0x000000008b800000| Untracked 
|  29|0x000000008b900000, 0x000000008b900000, 0x000000008ba00000|  0%| F|  |TAMS 0x000000008b900000, 0x000000008b900000| Untracked 
|  30|0x000000008ba00000, 0x000000008ba00000, 0x000000008bb00000|  0%| F|  |TAMS 0x000000008ba00000, 0x000000008ba00000| Untracked 
|  31|0x000000008bb00000, 0x000000008bb00000, 0x000000008bc00000|  0%| F|  |TAMS 0x000000008bb00000, 0x000000008bb00000| Untracked 
|  32|0x000000008bc00000, 0x000000008bc00000, 0x000000008bd00000|  0%| F|  |TAMS 0x000000008bc00000, 0x000000008bc00000| Untracked 
|  33|0x000000008bd00000, 0x000000008bd00000, 0x000000008be00000|  0%| F|  |TAMS 0x000000008bd00000, 0x000000008bd00000| Untracked 
|  34|0x000000008be00000, 0x000000008be00000, 0x000000008bf00000|  0%| F|  |TAMS 0x000000008be00000, 0x000000008be00000| Untracked 
|  35|0x000000008bf00000, 0x000000008bf00000, 0x000000008c000000|  0%| F|  |TAMS 0x000000008bf00000, 0x000000008bf00000| Untracked 
|  36|0x000000008c000000, 0x000000008c000000, 0x000000008c100000|  0%| F|  |TAMS 0x000000008c000000, 0x000000008c000000| Untracked 
|  37|0x000000008c100000, 0x000000008c100000, 0x000000008c200000|  0%| F|  |TAMS 0x000000008c100000, 0x000000008c100000| Untracked 
|  38|0x000000008c200000, 0x000000008c200000, 0x000000008c300000|  0%| F|  |TAMS 0x000000008c200000, 0x000000008c200000| Untracked 
|  39|0x000000008c300000, 0x000000008c300000, 0x000000008c400000|  0%| F|  |TAMS 0x000000008c300000, 0x000000008c300000| Untracked 
|  40|0x000000008c400000, 0x000000008c400000, 0x000000008c500000|  0%| F|  |TAMS 0x000000008c400000, 0x000000008c400000| Untracked 
|  41|0x000000008c500000, 0x000000008c500000, 0x000000008c600000|  0%| F|  |TAMS 0x000000008c500000, 0x000000008c500000| Untracked 
|  42|0x000000008c600000, 0x000000008c600000, 0x000000008c700000|  0%| F|  |TAMS 0x000000008c600000, 0x000000008c600000| Untracked 
|  43|0x000000008c700000, 0x000000008c700000, 0x000000008c800000|  0%| F|  |TAMS 0x000000008c700000, 0x000000008c700000| Untracked 
|  44|0x000000008c800000, 0x000000008c800000, 0x000000008c900000|  0%| F|  |TAMS 0x000000008c800000, 0x000000008c800000| Untracked 
|  45|0x000000008c900000, 0x000000008c900000, 0x000000008ca00000|  0%| F|  |TAMS 0x000000008c900000, 0x000000008c900000| Untracked 
|  46|0x000000008ca00000, 0x000000008ca00000, 0x000000008cb00000|  0%| F|  |TAMS 0x000000008ca00000, 0x000000008ca00000| Untracked 
|  47|0x000000008cb00000, 0x000000008cb00000, 0x000000008cc00000|  0%| F|  |TAMS 0x000000008cb00000, 0x000000008cb00000| Untracked 
|  48|0x000000008cc00000, 0x000000008cc00000, 0x000000008cd00000|  0%| F|  |TAMS 0x000000008cc00000, 0x000000008cc00000| Untracked 
|  49|0x000000008cd00000, 0x000000008cd00000, 0x000000008ce00000|  0%| F|  |TAMS 0x000000008cd00000, 0x000000008cd00000| Untracked 
|  50|0x000000008ce00000, 0x000000008ce00000, 0x000000008cf00000|  0%| F|  |TAMS 0x000000008ce00000, 0x000000008ce00000| Untracked 
|  51|0x000000008cf00000, 0x000000008cf00000, 0x000000008d000000|  0%| F|  |TAMS 0x000000008cf00000, 0x000000008cf00000| Untracked 
|  52|0x000000008d000000, 0x000000008d000000, 0x000000008d100000|  0%| F|  |TAMS 0x000000008d000000, 0x000000008d000000| Untracked 
|  53|0x000000008d100000, 0x000000008d100000, 0x000000008d200000|  0%| F|  |TAMS 0x000000008d100000, 0x000000008d100000| Untracked 
|  54|0x000000008d200000, 0x000000008d200000, 0x000000008d300000|  0%| F|  |TAMS 0x000000008d200000, 0x000000008d200000| Untracked 
|  55|0x000000008d300000, 0x000000008d300000, 0x000000008d400000|  0%| F|  |TAMS 0x000000008d300000, 0x000000008d300000| Untracked 
|  56|0x000000008d400000, 0x000000008d400000, 0x000000008d500000|  0%| F|  |TAMS 0x000000008d400000, 0x000000008d400000| Untracked 
|  57|0x000000008d500000, 0x000000008d500000, 0x000000008d600000|  0%| F|  |TAMS 0x000000008d500000, 0x000000008d500000| Untracked 
|  58|0x000000008d600000, 0x000000008d600000, 0x000000008d700000|  0%| F|  |TAMS 0x000000008d600000, 0x000000008d600000| Untracked 
|  59|0x000000008d700000, 0x000000008d700000, 0x000000008d800000|  0%| F|  |TAMS 0x000000008d700000, 0x000000008d700000| Untracked 
|  60|0x000000008d800000, 0x000000008d800000, 0x000000008d900000|  0%| F|  |TAMS 0x000000008d800000, 0x000000008d800000| Untracked 
|  61|0x000000008d900000, 0x000000008d900000, 0x000000008da00000|  0%| F|  |TAMS 0x000000008d900000, 0x000000008d900000| Untracked 
|  62|0x000000008da00000, 0x000000008da00000, 0x000000008db00000|  0%| F|  |TAMS 0x000000008da00000, 0x000000008da00000| Untracked 
|  63|0x000000008db00000, 0x000000008db00000, 0x000000008dc00000|  0%| F|  |TAMS 0x000000008db00000, 0x000000008db00000| Untracked 
|  64|0x000000008dc00000, 0x000000008dc00000, 0x000000008dd00000|  0%| F|  |TAMS 0x000000008dc00000, 0x000000008dc00000| Untracked 
|  65|0x000000008dd00000, 0x000000008dd00000, 0x000000008de00000|  0%| F|  |TAMS 0x000000008dd00000, 0x000000008dd00000| Untracked 
|  66|0x000000008de00000, 0x000000008de00000, 0x000000008df00000|  0%| F|  |TAMS 0x000000008de00000, 0x000000008de00000| Untracked 
|  67|0x000000008df00000, 0x000000008df00000, 0x000000008e000000|  0%| F|  |TAMS 0x000000008df00000, 0x000000008df00000| Untracked 
|  68|0x000000008e000000, 0x000000008e000000, 0x000000008e100000|  0%| F|  |TAMS 0x000000008e000000, 0x000000008e000000| Untracked 
|  69|0x000000008e100000, 0x000000008e100000, 0x000000008e200000|  0%| F|  |TAMS 0x000000008e100000, 0x000000008e100000| Untracked 
|  70|0x000000008e200000, 0x000000008e200000, 0x000000008e300000|  0%| F|  |TAMS 0x000000008e200000, 0x000000008e200000| Untracked 
|  71|0x000000008e300000, 0x000000008e300000, 0x000000008e400000|  0%| F|  |TAMS 0x000000008e300000, 0x000000008e300000| Untracked 
|  72|0x000000008e400000, 0x000000008e400000, 0x000000008e500000|  0%| F|  |TAMS 0x000000008e400000, 0x000000008e400000| Untracked 
|  73|0x000000008e500000, 0x000000008e500000, 0x000000008e600000|  0%| F|  |TAMS 0x000000008e500000, 0x000000008e500000| Untracked 
|  74|0x000000008e600000, 0x000000008e600000, 0x000000008e700000|  0%| F|  |TAMS 0x000000008e600000, 0x000000008e600000| Untracked 
|  75|0x000000008e700000, 0x000000008e700000, 0x000000008e800000|  0%| F|  |TAMS 0x000000008e700000, 0x000000008e700000| Untracked 
|  76|0x000000008e800000, 0x000000008e800000, 0x000000008e900000|  0%| F|  |TAMS 0x000000008e800000, 0x000000008e800000| Untracked 
|  77|0x000000008e900000, 0x000000008e900000, 0x000000008ea00000|  0%| F|  |TAMS 0x000000008e900000, 0x000000008e900000| Untracked 
|  78|0x000000008ea00000, 0x000000008ea00000, 0x000000008eb00000|  0%| F|  |TAMS 0x000000008ea00000, 0x000000008ea00000| Untracked 
|  79|0x000000008eb00000, 0x000000008eb00000, 0x000000008ec00000|  0%| F|  |TAMS 0x000000008eb00000, 0x000000008eb00000| Untracked 
|  80|0x000000008ec00000, 0x000000008ec00000, 0x000000008ed00000|  0%| F|  |TAMS 0x000000008ec00000, 0x000000008ec00000| Untracked 
|  81|0x000000008ed00000, 0x000000008ed00000, 0x000000008ee00000|  0%| F|  |TAMS 0x000000008ed00000, 0x000000008ed00000| Untracked 
|  82|0x000000008ee00000, 0x000000008ee00000, 0x000000008ef00000|  0%| F|  |TAMS 0x000000008ee00000, 0x000000008ee00000| Untracked 
|  83|0x000000008ef00000, 0x000000008ef00000, 0x000000008f000000|  0%| F|  |TAMS 0x000000008ef00000, 0x000000008ef00000| Untracked 
|  84|0x000000008f000000, 0x000000008f000000, 0x000000008f100000|  0%| F|  |TAMS 0x000000008f000000, 0x000000008f000000| Untracked 
|  85|0x000000008f100000, 0x000000008f100000, 0x000000008f200000|  0%| F|  |TAMS 0x000000008f100000, 0x000000008f100000| Untracked 
|  86|0x000000008f200000, 0x000000008f200000, 0x000000008f300000|  0%| F|  |TAMS 0x000000008f200000, 0x000000008f200000| Untracked 
|  87|0x000000008f300000, 0x000000008f300000, 0x000000008f400000|  0%| F|  |TAMS 0x000000008f300000, 0x000000008f300000| Untracked 
|  88|0x000000008f400000, 0x000000008f400000, 0x000000008f500000|  0%| F|  |TAMS 0x000000008f400000, 0x000000008f400000| Untracked 
|  89|0x000000008f500000, 0x000000008f500000, 0x000000008f600000|  0%| F|  |TAMS 0x000000008f500000, 0x000000008f500000| Untracked 
|  90|0x000000008f600000, 0x000000008f600000, 0x000000008f700000|  0%| F|  |TAMS 0x000000008f600000, 0x000000008f600000| Untracked 
|  91|0x000000008f700000, 0x000000008f700000, 0x000000008f800000|  0%| F|  |TAMS 0x000000008f700000, 0x000000008f700000| Untracked 
|  92|0x000000008f800000, 0x000000008f800000, 0x000000008f900000|  0%| F|  |TAMS 0x000000008f800000, 0x000000008f800000| Untracked 
|  93|0x000000008f900000, 0x000000008f900000, 0x000000008fa00000|  0%| F|  |TAMS 0x000000008f900000, 0x000000008f900000| Untracked 
|  94|0x000000008fa00000, 0x000000008fb00000, 0x000000008fb00000|100%| E|CS|TAMS 0x000000008fa00000, 0x000000008fb00000| Complete 
|  95|0x000000008fb00000, 0x000000008fc00000, 0x000000008fc00000|100%| E|CS|TAMS 0x000000008fb00000, 0x000000008fc00000| Complete 
|  96|0x000000008fc00000, 0x000000008fd00000, 0x000000008fd00000|100%| E|CS|TAMS 0x000000008fc00000, 0x000000008fd00000| Complete 
|  97|0x000000008fd00000, 0x000000008fdb5220, 0x000000008fe00000| 70%| S|  |TAMS 0x000000008fd00000, 0x000000008fd00000| Complete 
|  98|0x000000008fe00000, 0x000000008ff00000, 0x000000008ff00000|100%| S|  |TAMS 0x000000008fe00000, 0x000000008fe00000| Complete 
|  99|0x000000008ff00000, 0x0000000090000000, 0x0000000090000000|100%| S|  |TAMS 0x000000008ff00000, 0x000000008ff00000| Complete 
| 100|0x0000000090000000, 0x0000000090100000, 0x0000000090100000|100%| E|CS|TAMS 0x0000000090000000, 0x0000000090100000| Complete 
| 101|0x0000000090100000, 0x0000000090200000, 0x0000000090200000|100%| E|CS|TAMS 0x0000000090100000, 0x0000000090200000| Complete 
| 102|0x0000000090200000, 0x0000000090300000, 0x0000000090300000|100%| E|CS|TAMS 0x0000000090200000, 0x0000000090300000| Complete 
| 103|0x0000000090300000, 0x0000000090400000, 0x0000000090400000|100%| E|CS|TAMS 0x0000000090300000, 0x0000000090400000| Complete 
| 104|0x0000000090400000, 0x0000000090500000, 0x0000000090500000|100%| E|CS|TAMS 0x0000000090400000, 0x0000000090500000| Complete 
| 105|0x0000000090500000, 0x0000000090600000, 0x0000000090600000|100%| E|CS|TAMS 0x0000000090500000, 0x0000000090600000| Complete 
| 106|0x0000000090600000, 0x0000000090700000, 0x0000000090700000|100%| E|CS|TAMS 0x0000000090600000, 0x0000000090700000| Complete 
| 107|0x0000000090700000, 0x0000000090800000, 0x0000000090800000|100%| E|CS|TAMS 0x0000000090700000, 0x0000000090800000| Complete 
| 108|0x0000000090800000, 0x0000000090900000, 0x0000000090900000|100%| E|CS|TAMS 0x0000000090800000, 0x0000000090900000| Complete 
| 109|0x0000000090900000, 0x0000000090a00000, 0x0000000090a00000|100%| E|CS|TAMS 0x0000000090900000, 0x0000000090a00000| Complete 
| 110|0x0000000090a00000, 0x0000000090b00000, 0x0000000090b00000|100%| E|CS|TAMS 0x0000000090a00000, 0x0000000090b00000| Complete 
| 111|0x0000000090b00000, 0x0000000090c00000, 0x0000000090c00000|100%| E|CS|TAMS 0x0000000090b00000, 0x0000000090c00000| Complete 
| 112|0x0000000090c00000, 0x0000000090d00000, 0x0000000090d00000|100%| E|CS|TAMS 0x0000000090c00000, 0x0000000090d00000| Complete 
| 113|0x0000000090d00000, 0x0000000090e00000, 0x0000000090e00000|100%| E|CS|TAMS 0x0000000090d00000, 0x0000000090e00000| Complete 
| 114|0x0000000090e00000, 0x0000000090f00000, 0x0000000090f00000|100%| E|CS|TAMS 0x0000000090e00000, 0x0000000090f00000| Complete 
| 115|0x0000000090f00000, 0x0000000091000000, 0x0000000091000000|100%| E|CS|TAMS 0x0000000090f00000, 0x0000000091000000| Complete 
| 116|0x0000000091000000, 0x0000000091100000, 0x0000000091100000|100%| E|CS|TAMS 0x0000000091000000, 0x0000000091100000| Complete 
| 117|0x0000000091100000, 0x0000000091200000, 0x0000000091200000|100%| E|CS|TAMS 0x0000000091100000, 0x0000000091200000| Complete 
| 118|0x0000000091200000, 0x0000000091300000, 0x0000000091300000|100%| E|CS|TAMS 0x0000000091200000, 0x0000000091300000| Complete 
| 119|0x0000000091300000, 0x0000000091400000, 0x0000000091400000|100%| E|CS|TAMS 0x0000000091300000, 0x0000000091400000| Complete 

Card table byte_map: [0x000002416d240000,0x000002416d600000] _byte_map_base: 0x000002416cdf2000

Marking Bits (Prev, Next): (CMBitMap*) 0x000002415a2e2080, (CMBitMap*) 0x000002415a2e20c0
 Prev Bits: [0x000002416d9c0000, 0x000002416f750000)
 Next Bits: [0x000002416f750000, 0x00000241714e0000)

Polling page: 0x0000024159a30000

Metaspace:

Usage:
  Non-class:     18.59 MB used.
      Class:      2.20 MB used.
       Both:     20.79 MB used.

Virtual space:
  Non-class space:       64.00 MB reserved,      18.69 MB ( 29%) committed,  1 nodes.
      Class space:        1.00 GB reserved,       2.31 MB ( <1%) committed,  1 nodes.
             Both:        1.06 GB reserved,      21.00 MB (  2%) committed. 

Chunk freelists:
   Non-Class:  12.94 MB
       Class:  13.62 MB
        Both:  26.56 MB

MaxMetaspaceSize: unlimited
CompressedClassSpaceSize: 1.00 GB
Initial GC threshold: 21.00 MB
Current GC threshold: 21.00 MB
CDS: off
MetaspaceReclaimPolicy: balanced
 - commit_granule_bytes: 65536.
 - commit_granule_words: 8192.
 - virtual_space_node_default_size: 8388608.
 - enlarge_chunks_in_place: 1.
 - new_chunks_are_fully_committed: 0.
 - uncommit_free_chunks: 1.
 - use_allocation_guard: 0.
 - handle_deallocations: 1.


Internal statistics:

num_allocs_failed_limit: 3.
num_arena_births: 252.
num_arena_deaths: 0.
num_vsnodes_births: 2.
num_vsnodes_deaths: 0.
num_space_committed: 336.
num_space_uncommitted: 0.
num_chunks_returned_to_freelist: 3.
num_chunks_taken_from_freelist: 630.
num_chunk_merges: 3.
num_chunk_splits: 416.
num_chunks_enlarged: 300.
num_inconsistent_stats: 0.

CodeHeap 'non-profiled nmethods': size=120000Kb used=714Kb max_used=714Kb free=119285Kb
 bounds [0x0000024165400000, 0x0000024165670000, 0x000002416c930000]
CodeHeap 'profiled nmethods': size=120000Kb used=3324Kb max_used=3324Kb free=116675Kb
 bounds [0x000002415d930000, 0x000002415dc70000, 0x0000024164e60000]
CodeHeap 'non-nmethods': size=5760Kb used=1193Kb max_used=1218Kb free=4566Kb
 bounds [0x0000024164e60000, 0x00000241650d0000, 0x0000024165400000]
 total_blobs=2247 nmethods=1755 adapters=405
 compilation: enabled
              stopped_count=0, restarted_count=0
 full_count=0

Compilation events (20 events):
Event: 2.158 Thread 0x00000241741e16a0 nmethod 1746 0x000002415dc6dc90 code [0x000002415dc6de40, 0x000002415dc6e068]
Event: 2.158 Thread 0x00000241741e16a0 1747       3       java.util.HashMap::tableSizeFor (32 bytes)
Event: 2.158 Thread 0x00000241741888f0 1748       4       java.util.LinkedHashMap::get (29 bytes)
Event: 2.158 Thread 0x00000241741e16a0 nmethod 1747 0x000002415dc6e190 code [0x000002415dc6e340, 0x000002415dc6e568]
Event: 2.158 Thread 0x00000241741e16a0 1749       3       java.util.Collections::emptyIterator (4 bytes)
Event: 2.158 Thread 0x00000241741e16a0 nmethod 1749 0x000002415dc6e610 code [0x000002415dc6e7a0, 0x000002415dc6e898]
Event: 2.164 Thread 0x00000241741888f0 nmethod 1748 0x00000241654b0310 code [0x00000241654b04c0, 0x00000241654b0998]
Event: 2.171 Thread 0x00000241741888f0 1750       4       java.io.FilterInputStream::read (11 bytes)
Event: 2.174 Thread 0x00000241741e16a0 1751       3       org.apache.xmlbeans.impl.schema.SchemaTypeSystemImpl$XsbReader::readTypeRef (8 bytes)
Event: 2.174 Thread 0x00000241741e16a0 nmethod 1751 0x000002415dc6e910 code [0x000002415dc6eac0, 0x000002415dc6ece8]
Event: 2.178 Thread 0x00000241741888f0 nmethod 1750 0x00000241654b0c90 code [0x00000241654b0e60, 0x00000241654b1838]
Event: 2.180 Thread 0x00000241741888f0 1752       4       java.io.DataInputStream::readUTF (5 bytes)
Event: 2.181 Thread 0x0000024174c03580 1753       4       java.io.DataInputStream::readFully (59 bytes)
Event: 2.181 Thread 0x00000241741e16a0 1754       3       org.apache.xmlbeans.impl.schema.SchemaTypeSystemImpl$XsbReader::atLeast (54 bytes)
Event: 2.181 Thread 0x00000241741888f0 nmethod 1752 0x00000241654b1e90 code [0x00000241654b2020, 0x00000241654b20c8]
Event: 2.181 Thread 0x00000241741e16a0 nmethod 1754 0x000002415dc6ed90 code [0x000002415dc6ef40, 0x000002415dc6f258]
Event: 2.181 Thread 0x00000241741e16a0 1755       1       org.apache.xmlbeans.impl.schema.SchemaPropertyImpl::isAttribute (5 bytes)
Event: 2.181 Thread 0x00000241741e16a0 nmethod 1755 0x00000241654b2190 code [0x00000241654b2320, 0x00000241654b23f8]
Event: 2.182 Thread 0x00000241741888f0 1756       4       java.lang.StringConcatHelper::prepend (37 bytes)
Event: 2.183 Thread 0x0000024174c03580 nmethod 1753 0x00000241654b2490 code [0x00000241654b2620, 0x00000241654b2798]

GC Heap History (3 events):
Event: 1.415 GC heap before
{Heap before GC invocations=0 (full 0):
 garbage-first heap   total 122880K, used 23552K [0x0000000089c00000, 0x0000000100000000)
  region size 1024K, 23 young (23552K), 0 survivors (0K)
 Metaspace       used 15574K, committed 15808K, reserved 1114112K
  class space    used 1592K, committed 1728K, reserved 1048576K
}
Event: 1.433 GC heap after
{Heap after GC invocations=1 (full 0):
 garbage-first heap   total 122880K, used 6544K [0x0000000089c00000, 0x0000000100000000)
  region size 1024K, 3 young (3072K), 3 survivors (3072K)
 Metaspace       used 15574K, committed 15808K, reserved 1114112K
  class space    used 1592K, committed 1728K, reserved 1048576K
}
Event: 2.184 GC heap before
{Heap before GC invocations=1 (full 0):
 garbage-first heap   total 122880K, used 26000K [0x0000000089c00000, 0x0000000100000000)
  region size 1024K, 23 young (23552K), 3 survivors (3072K)
 Metaspace       used 21287K, committed 21504K, reserved 1114112K
  class space    used 2252K, committed 2368K, reserved 1048576K
}

Dll operation events (6 events):
Event: 0.014 Loaded shared library C:\Users\ASUS\.p2\pool\plugins\org.eclipse.justj.openjdk.hotspot.jre.full.win32.x86_64_17.0.8.v20230831-1047\jre\bin\java.dll
Event: 0.227 Loaded shared library C:\Users\ASUS\.p2\pool\plugins\org.eclipse.justj.openjdk.hotspot.jre.full.win32.x86_64_17.0.8.v20230831-1047\jre\bin\net.dll
Event: 0.232 Loaded shared library C:\Users\ASUS\.p2\pool\plugins\org.eclipse.justj.openjdk.hotspot.jre.full.win32.x86_64_17.0.8.v20230831-1047\jre\bin\nio.dll
Event: 0.248 Loaded shared library C:\Users\ASUS\.p2\pool\plugins\org.eclipse.justj.openjdk.hotspot.jre.full.win32.x86_64_17.0.8.v20230831-1047\jre\bin\zip.dll
Event: 0.428 Loaded shared library C:\Users\ASUS\.p2\pool\plugins\org.eclipse.justj.openjdk.hotspot.jre.full.win32.x86_64_17.0.8.v20230831-1047\jre\bin\jimage.dll
Event: 0.547 Loaded shared library C:\Users\ASUS\.p2\pool\plugins\org.eclipse.justj.openjdk.hotspot.jre.full.win32.x86_64_17.0.8.v20230831-1047\jre\bin\verify.dll

Deoptimization events (20 events):
Event: 1.250 Thread 0x000002415a286c70 Uncommon trap: trap_request=0xffffffde fr.pc=0x00000241654592a4 relative=0x0000000000000104
Event: 1.250 Thread 0x000002415a286c70 Uncommon trap: reason=class_check action=maybe_recompile pc=0x00000241654592a4 method=jdk.internal.misc.Unsafe.allocateUninitializedArray(Ljava/lang/Class;I)Ljava/lang/Object; @ 51 c2
Event: 1.250 Thread 0x000002415a286c70 DEOPT PACKING pc=0x00000241654592a4 sp=0x000000e77abfce20
Event: 1.250 Thread 0x000002415a286c70 DEOPT UNPACKING pc=0x0000024164eb69a3 sp=0x000000e77abfcda8 mode 2
Event: 1.251 Thread 0x000002415a286c70 Uncommon trap: trap_request=0xffffffde fr.pc=0x00000241654592a4 relative=0x0000000000000104
Event: 1.251 Thread 0x000002415a286c70 Uncommon trap: reason=class_check action=maybe_recompile pc=0x00000241654592a4 method=jdk.internal.misc.Unsafe.allocateUninitializedArray(Ljava/lang/Class;I)Ljava/lang/Object; @ 51 c2
Event: 1.251 Thread 0x000002415a286c70 DEOPT PACKING pc=0x00000241654592a4 sp=0x000000e77abfccf0
Event: 1.251 Thread 0x000002415a286c70 DEOPT UNPACKING pc=0x0000024164eb69a3 sp=0x000000e77abfcc78 mode 2
Event: 1.251 Thread 0x000002415a286c70 Uncommon trap: trap_request=0xffffffde fr.pc=0x00000241654592a4 relative=0x0000000000000104
Event: 1.251 Thread 0x000002415a286c70 Uncommon trap: reason=class_check action=maybe_recompile pc=0x00000241654592a4 method=jdk.internal.misc.Unsafe.allocateUninitializedArray(Ljava/lang/Class;I)Ljava/lang/Object; @ 51 c2
Event: 1.251 Thread 0x000002415a286c70 DEOPT PACKING pc=0x00000241654592a4 sp=0x000000e77abfcc10
Event: 1.251 Thread 0x000002415a286c70 DEOPT UNPACKING pc=0x0000024164eb69a3 sp=0x000000e77abfcb98 mode 2
Event: 1.252 Thread 0x000002415a286c70 Uncommon trap: trap_request=0xffffffde fr.pc=0x00000241654592a4 relative=0x0000000000000104
Event: 1.252 Thread 0x000002415a286c70 Uncommon trap: reason=class_check action=maybe_recompile pc=0x00000241654592a4 method=jdk.internal.misc.Unsafe.allocateUninitializedArray(Ljava/lang/Class;I)Ljava/lang/Object; @ 51 c2
Event: 1.252 Thread 0x000002415a286c70 DEOPT PACKING pc=0x00000241654592a4 sp=0x000000e77abfcce0
Event: 1.252 Thread 0x000002415a286c70 DEOPT UNPACKING pc=0x0000024164eb69a3 sp=0x000000e77abfcc68 mode 2
Event: 2.021 Thread 0x000002415a286c70 Uncommon trap: trap_request=0xffffff45 fr.pc=0x000002416549b494 relative=0x00000000000007b4
Event: 2.021 Thread 0x000002415a286c70 Uncommon trap: reason=unstable_if action=reinterpret pc=0x000002416549b494 method=java.io.DataInputStream.readUTF(Ljava/io/DataInput;)Ljava/lang/String; @ 31 c2
Event: 2.021 Thread 0x000002415a286c70 DEOPT PACKING pc=0x000002416549b494 sp=0x000000e77abfb040
Event: 2.021 Thread 0x000002415a286c70 DEOPT UNPACKING pc=0x0000024164eb69a3 sp=0x000000e77abfafd0 mode 2

Classes unloaded (0 events):
No events

Classes redefined (0 events):
No events

Internal exceptions (20 events):
Event: 1.167 Thread 0x000002415a286c70 Exception <a 'java/lang/NoSuchMethodError'{0x0000000090313620}: 'java.lang.Object java.lang.invoke.DirectMethodHandle$Holder.invokeSpecial(java.lang.Object, java.lang.Object, java.lang.Object, java.lang.Object, java.lang.Object, java.lang.Object, java.lang.Object, java.lang.Object, java.lang.Object, java.lang.Object)'> (0x0000000090313620) 
thrown [s\src\hotspot\share\interpreter\linkResolver.cpp, line 759]
Event: 1.168 Thread 0x000002415a286c70 Exception <a 'java/lang/NoSuchMethodError'{0x000000009031e328}: 'java.lang.Object java.lang.invoke.DirectMethodHandle$Holder.newInvokeSpecial(java.lang.Object, java.lang.Object, java.lang.Object, java.lang.Object, java.lang.Object, java.lang.Object, java.lang.Object, java.lang.Object, java.lang.Object)'> (0x000000009031e328) 
thrown [s\src\hotspot\share\interpreter\linkResolver.cpp, line 759]
Event: 1.169 Thread 0x000002415a286c70 Exception <a 'java/lang/NoSuchMethodError'{0x0000000090323678}: 'java.lang.Object java.lang.invoke.Invokers$Holder.linkToTargetMethod(java.lang.Object, java.lang.Object, java.lang.Object, java.lang.Object, java.lang.Object, java.lang.Object, java.lang.Object, java.lang.Object, java.lang.Object)'> (0x0000000090323678) 
thrown [s\src\hotspot\share\interpreter\linkResolver.cpp, line 759]
Event: 1.190 Thread 0x000002415a286c70 Exception <a 'java/lang/NoSuchMethodError'{0x0000000090386150}: 'java.lang.Object java.lang.invoke.DirectMethodHandle$Holder.newInvokeSpecial(java.lang.Object, java.lang.Object, java.lang.Object, java.lang.Object, java.lang.Object, java.lang.Object, java.lang.Object)'> (0x0000000090386150) 
thrown [s\src\hotspot\share\interpreter\linkResolver.cpp, line 759]
Event: 1.190 Thread 0x000002415a286c70 Exception <a 'java/lang/NoSuchMethodError'{0x000000009038adb8}: 'java.lang.Object java.lang.invoke.Invokers$Holder.linkToTargetMethod(java.lang.Object, java.lang.Object, java.lang.Object, java.lang.Object, java.lang.Object, java.lang.Object, java.lang.Object)'> (0x000000009038adb8) 
thrown [s\src\hotspot\share\interpreter\linkResolver.cpp, line 759]
Event: 1.201 Thread 0x000002415a286c70 Exception <a 'java/lang/NoSuchMethodError'{0x00000000903c4fd0}: 'java.lang.Object java.lang.invoke.DirectMethodHandle$Holder.invokeStatic(java.lang.Object, int, java.lang.Object, java.lang.Object)'> (0x00000000903c4fd0) 
thrown [s\src\hotspot\share\interpreter\linkResolver.cpp, line 759]
Event: 1.202 Thread 0x000002415a286c70 Exception <a 'java/lang/NoSuchMethodError'{0x00000000903cc110}: 'java.lang.Object java.lang.invoke.DirectMethodHandle$Holder.newInvokeSpecial(java.lang.Object, int, java.lang.Object)'> (0x00000000903cc110) 
thrown [s\src\hotspot\share\interpreter\linkResolver.cpp, line 759]
Event: 1.213 Thread 0x000002415a286c70 Exception <a 'java/lang/NoSuchMethodError'{0x0000000090203240}: 'java.lang.Object java.lang.invoke.DirectMethodHandle$Holder.newInvokeSpecial(java.lang.Object, java.lang.Object, java.lang.Object, java.lang.Object, java.lang.Object)'> (0x0000000090203240) 
thrown [s\src\hotspot\share\interpreter\linkResolver.cpp, line 759]
Event: 1.238 Thread 0x000002415a286c70 Exception <a 'java/lang/IncompatibleClassChangeError'{0x00000000902d65f0}: Found class java.lang.Object, but interface was expected> (0x00000000902d65f0) 
thrown [s\src\hotspot\share\interpreter\linkResolver.cpp, line 826]
Event: 1.256 Thread 0x000002415a286c70 Exception <a 'java/lang/NoSuchMethodError'{0x000000009014f800}: 'java.lang.Object java.lang.invoke.Invokers$Holder.linkToTargetMethod(java.lang.Object, long, java.lang.Object)'> (0x000000009014f800) 
thrown [s\src\hotspot\share\interpreter\linkResolver.cpp, line 759]
Event: 1.270 Thread 0x000002415a286c70 Exception <a 'java/lang/NoSuchMethodError'{0x00000000901b98b8}: 'java.lang.Object java.lang.invoke.DirectMethodHandle$Holder.invokeStatic(java.lang.Object, java.lang.Object, java.lang.Object, int, java.lang.Object, java.lang.Object)'> (0x00000000901b98b8) 
thrown [s\src\hotspot\share\interpreter\linkResolver.cpp, line 759]
Event: 1.271 Thread 0x000002415a286c70 Exception <a 'java/lang/NoSuchMethodError'{0x00000000901c1df8}: 'java.lang.Object java.lang.invoke.DirectMethodHandle$Holder.newInvokeSpecial(java.lang.Object, java.lang.Object, java.lang.Object, int, java.lang.Object)'> (0x00000000901c1df8) 
thrown [s\src\hotspot\share\interpreter\linkResolver.cpp, line 759]
Event: 1.272 Thread 0x000002415a286c70 Exception <a 'java/lang/NoSuchMethodError'{0x00000000901c97c8}: 'java.lang.Object java.lang.invoke.Invokers$Holder.linkToTargetMethod(java.lang.Object, java.lang.Object, int, java.lang.Object, java.lang.Object)'> (0x00000000901c97c8) 
thrown [s\src\hotspot\share\interpreter\linkResolver.cpp, line 759]
Event: 1.312 Thread 0x000002415a286c70 Exception <a 'java/lang/NoSuchMethodError'{0x0000000090092518}: 'int java.lang.invoke.DirectMethodHandle$Holder.invokeInterface(java.lang.Object, java.lang.Object)'> (0x0000000090092518) 
thrown [s\src\hotspot\share\interpreter\linkResolver.cpp, line 759]
Event: 1.316 Thread 0x000002415a286c70 Exception <a 'java/lang/NoSuchMethodError'{0x00000000900ace08}: 'int java.lang.invoke.DirectMethodHandle$Holder.invokeSpecial(java.lang.Object, java.lang.Object, java.lang.Object, java.lang.Object)'> (0x00000000900ace08) 
thrown [s\src\hotspot\share\interpreter\linkResolver.cpp, line 759]
Event: 1.394 Thread 0x000002415a286c70 Exception <a 'java/lang/NoSuchMethodError'{0x000000008fd31288}: 'void java.lang.invoke.DirectMethodHandle$Holder.invokeInterface(java.lang.Object, java.lang.Object)'> (0x000000008fd31288) 
thrown [s\src\hotspot\share\interpreter\linkResolver.cpp, line 759]
Event: 1.661 Thread 0x000002415a286c70 Exception <a 'java/lang/NoSuchMethodError'{0x0000000090e680d8}: 'void java.lang.invoke.DirectMethodHandle$Holder.invokeVirtual(java.lang.Object, java.lang.Object, java.lang.Object, java.lang.Object)'> (0x0000000090e680d8) 
thrown [s\src\hotspot\share\interpreter\linkResolver.cpp, line 759]
Event: 1.672 Thread 0x000002415a286c70 Exception <a 'java/lang/NoSuchMethodError'{0x0000000090e9a410}: 'void java.lang.invoke.DirectMethodHandle$Holder.invokeStatic(java.lang.Object, java.lang.Object, java.lang.Object, int)'> (0x0000000090e9a410) 
thrown [s\src\hotspot\share\interpreter\linkResolver.cpp, line 759]
Event: 1.672 Thread 0x000002415a286c70 Exception <a 'java/lang/NoSuchMethodError'{0x0000000090e9db78}: 'void java.lang.invoke.DirectMethodHandle$Holder.invokeStaticInit(java.lang.Object, java.lang.Object, java.lang.Object, int)'> (0x0000000090e9db78) 
thrown [s\src\hotspot\share\interpreter\linkResolver.cpp, line 759]
Event: 1.703 Thread 0x000002415a286c70 Exception <a 'java/lang/NoSuchMethodError'{0x0000000090d0f688}: 'void java.lang.invoke.DirectMethodHandle$Holder.invokeInterface(java.lang.Object, java.lang.Object, java.lang.Object)'> (0x0000000090d0f688) 
thrown [s\src\hotspot\share\interpreter\linkResolver.cpp, line 759]

VM Operations (20 events):
Event: 0.638 Executing VM operation: HandshakeAllThreads done
Event: 0.665 Executing VM operation: HandshakeAllThreads
Event: 0.665 Executing VM operation: HandshakeAllThreads done
Event: 0.809 Executing VM operation: HandshakeAllThreads
Event: 0.809 Executing VM operation: HandshakeAllThreads done
Event: 0.929 Executing VM operation: HandshakeAllThreads
Event: 0.929 Executing VM operation: HandshakeAllThreads done
Event: 1.289 Executing VM operation: ICBufferFull
Event: 1.289 Executing VM operation: ICBufferFull done
Event: 1.294 Executing VM operation: HandshakeAllThreads
Event: 1.294 Executing VM operation: HandshakeAllThreads done
Event: 1.306 Executing VM operation: HandshakeAllThreads
Event: 1.306 Executing VM operation: HandshakeAllThreads done
Event: 1.414 Executing VM operation: G1CollectForAllocation
Event: 1.433 Executing VM operation: G1CollectForAllocation done
Event: 1.474 Executing VM operation: HandshakeAllThreads
Event: 1.474 Executing VM operation: HandshakeAllThreads done
Event: 1.553 Executing VM operation: HandshakeAllThreads
Event: 1.553 Executing VM operation: HandshakeAllThreads done
Event: 2.184 Executing VM operation: CollectForMetadataAllocation

Events (20 events):
Event: 1.972 loading class java/util/spi/ResourceBundleControlProvider done
Event: 1.972 loading class java/util/ServiceLoader$ProviderSpliterator
Event: 1.972 loading class java/util/ServiceLoader$ProviderSpliterator done
Event: 1.973 loading class java/util/ImmutableCollections$Access
Event: 1.973 loading class java/util/ImmutableCollections$Access done
Event: 1.973 loading class java/util/ImmutableCollections$Access$1
Event: 1.973 loading class jdk/internal/access/JavaUtilCollectionAccess
Event: 1.973 loading class jdk/internal/access/JavaUtilCollectionAccess done
Event: 1.973 loading class java/util/ImmutableCollections$Access$1 done
Event: 1.975 loading class java/util/zip/ZipFile$ZipEntryIterator
Event: 1.975 loading class java/util/zip/ZipFile$ZipEntryIterator done
Event: 1.975 loading class java/util/ResourceBundle$Control$2
Event: 1.975 loading class java/util/ResourceBundle$Control$2 done
Event: 2.018 Thread 0x0000024179cae5e0 Thread added: 0x0000024179cae5e0
Event: 2.101 loading class org/w3c/dom/Comment
Event: 2.101 loading class org/w3c/dom/Comment done
Event: 2.105 loading class org/w3c/dom/ProcessingInstruction
Event: 2.105 loading class org/w3c/dom/ProcessingInstruction done
Event: 2.120 loading class org/w3c/dom/DocumentFragment
Event: 2.120 loading class org/w3c/dom/DocumentFragment done


Dynamic libraries:
0x00007ff7b3e70000 - 0x00007ff7b3e7e000 	C:\Users\ASUS\.p2\pool\plugins\org.eclipse.justj.openjdk.hotspot.jre.full.win32.x86_64_17.0.8.v20230831-1047\jre\bin\javaw.exe
0x00007ffd1cd10000 - 0x00007ffd1cf27000 	C:\WINDOWS\SYSTEM32\ntdll.dll
0x00007ffcbd040000 - 0x00007ffcbd05a000 	C:\Program Files\AVG\Antivirus\aswhook.dll
0x00007ffd1c630000 - 0x00007ffd1c6f4000 	C:\WINDOWS\System32\KERNEL32.DLL
0x00007ffd1a1b0000 - 0x00007ffd1a556000 	C:\WINDOWS\System32\KERNELBASE.dll
0x00007ffd1a590000 - 0x00007ffd1a6a1000 	C:\WINDOWS\System32\ucrtbase.dll
0x00007ffd09c00000 - 0x00007ffd09c17000 	C:\Users\ASUS\.p2\pool\plugins\org.eclipse.justj.openjdk.hotspot.jre.full.win32.x86_64_17.0.8.v20230831-1047\jre\bin\jli.dll
0x00007ffd038e0000 - 0x00007ffd038f9000 	C:\Users\ASUS\.p2\pool\plugins\org.eclipse.justj.openjdk.hotspot.jre.full.win32.x86_64_17.0.8.v20230831-1047\jre\bin\VCRUNTIME140.dll
0x00007ffd1bfc0000 - 0x00007ffd1c16d000 	C:\WINDOWS\System32\USER32.dll
0x00007ffd1a560000 - 0x00007ffd1a586000 	C:\WINDOWS\System32\win32u.dll
0x00007ffd03d20000 - 0x00007ffd03fb3000 	C:\WINDOWS\WinSxS\amd64_microsoft.windows.common-controls_6595b64144ccf1df_6.0.22621.2361_none_2712ced57382f843\COMCTL32.dll
0x00007ffd1c970000 - 0x00007ffd1c999000 	C:\WINDOWS\System32\GDI32.dll
0x00007ffd1a090000 - 0x00007ffd1a1a8000 	C:\WINDOWS\System32\gdi32full.dll
0x00007ffd1c700000 - 0x00007ffd1c7a7000 	C:\WINDOWS\System32\msvcrt.dll
0x00007ffd1a770000 - 0x00007ffd1a80a000 	C:\WINDOWS\System32\msvcp_win.dll
0x00007ffd1cab0000 - 0x00007ffd1cae1000 	C:\WINDOWS\System32\IMM32.DLL
0x00007ffd153e0000 - 0x00007ffd153ec000 	C:\Users\ASUS\.p2\pool\plugins\org.eclipse.justj.openjdk.hotspot.jre.full.win32.x86_64_17.0.8.v20230831-1047\jre\bin\vcruntime140_1.dll
0x00007ffcea540000 - 0x00007ffcea5d1000 	C:\Users\ASUS\.p2\pool\plugins\org.eclipse.justj.openjdk.hotspot.jre.full.win32.x86_64_17.0.8.v20230831-1047\jre\bin\msvcp140.dll
0x00007ffc97280000 - 0x00007ffc97ecc000 	C:\Users\ASUS\.p2\pool\plugins\org.eclipse.justj.openjdk.hotspot.jre.full.win32.x86_64_17.0.8.v20230831-1047\jre\bin\server\jvm.dll
0x00007ffd1c9f0000 - 0x00007ffd1caa0000 	C:\WINDOWS\System32\ADVAPI32.dll
0x00007ffd1c580000 - 0x00007ffd1c626000 	C:\WINDOWS\System32\sechost.dll
0x00007ffd1aa70000 - 0x00007ffd1ab87000 	C:\WINDOWS\System32\RPCRT4.dll
0x00007ffd18f20000 - 0x00007ffd18f6d000 	C:\WINDOWS\SYSTEM32\POWRPROF.dll
0x00007ffd0df70000 - 0x00007ffd0df79000 	C:\WINDOWS\SYSTEM32\WSOCK32.dll
0x00007ffd133f0000 - 0x00007ffd13424000 	C:\WINDOWS\SYSTEM32\WINMM.dll
0x00007ffd11050000 - 0x00007ffd1105a000 	C:\WINDOWS\SYSTEM32\VERSION.dll
0x00007ffd1bec0000 - 0x00007ffd1bf31000 	C:\WINDOWS\System32\WS2_32.dll
0x00007ffd18f00000 - 0x00007ffd18f13000 	C:\WINDOWS\SYSTEM32\UMPDC.dll
0x00007ffd191c0000 - 0x00007ffd191d8000 	C:\WINDOWS\SYSTEM32\kernel.appcore.dll
0x00007ffd14a20000 - 0x00007ffd14a2a000 	C:\Users\ASUS\.p2\pool\plugins\org.eclipse.justj.openjdk.hotspot.jre.full.win32.x86_64_17.0.8.v20230831-1047\jre\bin\jimage.dll
0x00007ffd178d0000 - 0x00007ffd17afe000 	C:\WINDOWS\SYSTEM32\DBGHELP.DLL
0x00007ffd1bb10000 - 0x00007ffd1be9a000 	C:\WINDOWS\System32\combase.dll
0x00007ffd1c340000 - 0x00007ffd1c417000 	C:\WINDOWS\System32\OLEAUT32.dll
0x00007ffd0fe10000 - 0x00007ffd0fe42000 	C:\WINDOWS\SYSTEM32\dbgcore.DLL
0x00007ffd1a980000 - 0x00007ffd1a9fa000 	C:\WINDOWS\System32\bcryptPrimitives.dll
0x00007ffd0aa80000 - 0x00007ffd0aaa5000 	C:\Users\ASUS\.p2\pool\plugins\org.eclipse.justj.openjdk.hotspot.jre.full.win32.x86_64_17.0.8.v20230831-1047\jre\bin\java.dll
0x00007ffd14290000 - 0x00007ffd142a8000 	C:\Users\ASUS\.p2\pool\plugins\org.eclipse.justj.openjdk.hotspot.jre.full.win32.x86_64_17.0.8.v20230831-1047\jre\bin\zip.dll
0x00007ffd1ab90000 - 0x00007ffd1b3e8000 	C:\WINDOWS\System32\SHELL32.dll
0x00007ffd18000000 - 0x00007ffd188f2000 	C:\WINDOWS\SYSTEM32\windows.storage.dll
0x00007ffd17ec0000 - 0x00007ffd17ffe000 	C:\WINDOWS\SYSTEM32\wintypes.dll
0x00007ffd1c480000 - 0x00007ffd1c573000 	C:\WINDOWS\System32\SHCORE.dll
0x00007ffd1bf60000 - 0x00007ffd1bfbe000 	C:\WINDOWS\System32\shlwapi.dll
0x00007ffd19fc0000 - 0x00007ffd19fe6000 	C:\WINDOWS\SYSTEM32\profapi.dll
0x00007ffd09d70000 - 0x00007ffd09d89000 	C:\Users\ASUS\.p2\pool\plugins\org.eclipse.justj.openjdk.hotspot.jre.full.win32.x86_64_17.0.8.v20230831-1047\jre\bin\net.dll
0x00007ffd13cc0000 - 0x00007ffd13df7000 	C:\WINDOWS\SYSTEM32\WINHTTP.dll
0x00007ffd19640000 - 0x00007ffd196a9000 	C:\WINDOWS\system32\mswsock.dll
0x00007ffd09d50000 - 0x00007ffd09d65000 	C:\Users\ASUS\.p2\pool\plugins\org.eclipse.justj.openjdk.hotspot.jre.full.win32.x86_64_17.0.8.v20230831-1047\jre\bin\nio.dll
0x00007ffd13520000 - 0x00007ffd13530000 	C:\Users\ASUS\.p2\pool\plugins\org.eclipse.justj.openjdk.hotspot.jre.full.win32.x86_64_17.0.8.v20230831-1047\jre\bin\verify.dll
0x00007ffd18c40000 - 0x00007ffd18d39000 	C:\WINDOWS\SYSTEM32\DNSAPI.dll
0x00007ffd18c10000 - 0x00007ffd18c3d000 	C:\WINDOWS\SYSTEM32\IPHLPAPI.DLL
0x00007ffd1bf40000 - 0x00007ffd1bf49000 	C:\WINDOWS\System32\NSI.dll
0x00007ffd0f870000 - 0x00007ffd0f87a000 	C:\Windows\System32\rasadhlp.dll
0x00007ffd13050000 - 0x00007ffd130d4000 	C:\WINDOWS\System32\fwpuclnt.dll
0x00007ffd19890000 - 0x00007ffd198ab000 	C:\WINDOWS\SYSTEM32\CRYPTSP.dll
0x00007ffd19120000 - 0x00007ffd19155000 	C:\WINDOWS\system32\rsaenh.dll
0x00007ffd19730000 - 0x00007ffd1975c000 	C:\WINDOWS\SYSTEM32\USERENV.dll
0x00007ffd19a30000 - 0x00007ffd19a58000 	C:\WINDOWS\SYSTEM32\bcrypt.dll
0x00007ffd198b0000 - 0x00007ffd198bc000 	C:\WINDOWS\SYSTEM32\CRYPTBASE.dll
0x00007ffd14030000 - 0x00007ffd14049000 	C:\WINDOWS\SYSTEM32\dhcpcsvc6.DLL
0x00007ffd13b10000 - 0x00007ffd13b2f000 	C:\WINDOWS\SYSTEM32\dhcpcsvc.DLL

dbghelp: loaded successfully - version: 4.0.5 - missing functions: none
symbol engine: initialized successfully - sym options: 0x614 - pdb path: .;C:\Users\ASUS\.p2\pool\plugins\org.eclipse.justj.openjdk.hotspot.jre.full.win32.x86_64_17.0.8.v20230831-1047\jre\bin;C:\WINDOWS\SYSTEM32;C:\Program Files\AVG\Antivirus;C:\WINDOWS\WinSxS\amd64_microsoft.windows.common-controls_6595b64144ccf1df_6.0.22621.2361_none_2712ced57382f843;C:\Users\ASUS\.p2\pool\plugins\org.eclipse.justj.openjdk.hotspot.jre.full.win32.x86_64_17.0.8.v20230831-1047\jre\bin\server

VM Arguments:
jvm_args: -ea -Dfile.encoding=UTF-8 -XX:+ShowCodeDetailsInExceptionMessages 
java_command: org.testng.remote.RemoteTestNG -serport 59611 -protocol json -d C:\Users\ASUS\eclipse-workspace\latestEclipse\TutorialsNinjaProj\test-output C:\Users\ASUS\AppData\Local\Temp\testng-eclipse-295051288\testng-customsuite.xml
java_class_path (initial): C:\Users\ASUS\eclipse\java-2023-06\eclipse\configuration\org.eclipse.osgi\557\0\.cp\lib\testng-remote.jar;C:\Users\ASUS\eclipse-workspace\latestEclipse\TutorialsNinjaProj\target\test-classes;C:\Users\ASUS\eclipse-workspace\latestEclipse\TutorialsNinjaProj\target\classes;C:\Users\ASUS\.p2\pool\plugins\org.testng_7.10.2.r202404291553.jar;C:\Users\ASUS\.p2\pool\plugins\com.beust.jcommander_1.82.0.jar;C:\Users\ASUS\.p2\pool\plugins\org.apache-extras.beanshell.bsh_2.0.0.b6.jar;C:\Users\ASUS\.p2\pool\plugins\org.yaml.snakeyaml_1.21.0.jar;C:\Users\ASUS\.p2\pool\plugins\org.webjars.jquery_3.7.1.jar;C:\Users\ASUS\.m2\repository\org\seleniumhq\selenium\selenium-api\4.22.0\selenium-api-4.22.0.jar;C:\Users\ASUS\.m2\repository\org\seleniumhq\selenium\selenium-api\4.6.0\selenium-api-4.6.0.jar;C:\Users\ASUS\.m2\repository\org\testng\testng\7.7.1\testng-7.7.1.jar;C:\Users\ASUS\.m2\repository\org\slf4j\slf4j-api\1.7.36\slf4j-api-1.7.36.jar;C:\Users\ASUS\.m2\repository\com\beust\jcommander\1.82\jcommander-1.82.jar;C:\Users\ASUS\.m2\repository\org\webjars\jquery\3.6.1\jquery-3.6.1.jar;C:\Users\ASUS\.m2\repository\org\seleniumhq\selenium\selenium-java\4.22.0\selenium-java-4.22.0.jar;C:\Users\ASUS\.m2\repository\org\seleniumhq\selenium\selenium-chrome-driver\4.22.0\selenium-chrome-driver-4.22.0.jar;C:\Users\ASUS\.m2\repository\com\google\auto\service\auto-service-annotations\1.1.1\auto-service-annotations-1.1.1.jar;C:\Users\ASUS\.m2\repository\org\seleniumhq\selenium\selenium-chromium-driver\4.22.0\selenium-chromium-driver-4.22.0.jar;C:\Users\ASUS\.m2\repository\org\seleniumhq\selenium\selenium-json\4.22.0\selenium-json-4.22.0.jar;C:\Users\ASUS\.m2\repository\org\seleniumhq\selenium\selenium-manager\4.22.0\selenium-manager-4.22.0.jar;C:\Users\ASUS\.m2\repository\org\seleniumhq\selenium\selenium-devtools-v124\4.22.0\selenium-devtools-v124-4.22.0.jar;C:\Users\ASUS\.m2\repository\org\seleniumhq\selenium\selenium-devtools-v125\4.22.0\selenium-devtools-v125-4.22.
Launcher Type: SUN_STANDARD

[Global flags]
     intx CICompilerCount                          = 4                                         {product} {ergonomic}
     uint ConcGCThreads                            = 3                                         {product} {ergonomic}
     uint G1ConcRefinementThreads                  = 10                                        {product} {ergonomic}
   size_t G1HeapRegionSize                         = 1048576                                   {product} {ergonomic}
    uintx GCDrainStackTargetSize                   = 64                                        {product} {ergonomic}
   size_t InitialHeapSize                          = 125829120                                 {product} {ergonomic}
   size_t MarkStackSize                            = 4194304                                   {product} {ergonomic}
   size_t MaxHeapSize                              = 1983905792                                {product} {ergonomic}
   size_t MaxNewSize                               = 1190133760                                {product} {ergonomic}
   size_t MinHeapDeltaBytes                        = 1048576                                   {product} {ergonomic}
   size_t MinHeapSize                              = 8388608                                   {product} {ergonomic}
    uintx NonNMethodCodeHeapSize                   = 5839372                                {pd product} {ergonomic}
    uintx NonProfiledCodeHeapSize                  = 122909434                              {pd product} {ergonomic}
    uintx ProfiledCodeHeapSize                     = 122909434                              {pd product} {ergonomic}
    uintx ReservedCodeCacheSize                    = 251658240                              {pd product} {ergonomic}
     bool SegmentedCodeCache                       = true                                      {product} {ergonomic}
     bool ShowCodeDetailsInExceptionMessages       = true                                   {manageable} {command line}
   size_t SoftMaxHeapSize                          = 1983905792                             {manageable} {ergonomic}
     bool UseCompressedClassPointers               = true                           {product lp64_product} {ergonomic}
     bool UseCompressedOops                        = true                           {product lp64_product} {ergonomic}
     bool UseG1GC                                  = true                                      {product} {ergonomic}
     bool UseLargePagesIndividualAllocation        = false                                  {pd product} {ergonomic}

Logging:
Log output configuration:
 #0: stdout all=warning uptime,level,tags
 #1: stderr all=off uptime,level,tags

Environment Variables:
PATH=C:/Users/ASUS/.p2/pool/plugins/org.eclipse.justj.openjdk.hotspot.jre.full.win32.x86_64_17.0.8.v20230831-1047/jre/bin/server;C:/Users/ASUS/.p2/pool/plugins/org.eclipse.justj.openjdk.hotspot.jre.full.win32.x86_64_17.0.8.v20230831-1047/jre/bin;C:\Program Files\Common Files\Oracle\Java\javapath;C:\Program Files (x86)\Common Files\Oracle\Java\java8path;C:\Program Files (x86)\Common Files\Oracle\Java\javapath;C:\oraclexe\app\oracle\product\10.2.0\server\bin;C:\Windows\system32;C:\Windows;C:\Windows\System32\Wbem;C:\Windows\System32\WindowsPowerShell\v1.0\;C:\Windows\System32\OpenSSH\;C:\Program Files\Microsoft SQL Server\150\Tools\Binn\;C:\Program Files\Microsoft SQL Server\Client SDK\ODBC\170\Tools\Binn\;C:\Program Files (x86)\Microsoft SQL Server\150\Tools\Binn\;C:\Program Files\Microsoft SQL Server\150\DTS\Binn\;C:\Program Files (x86)\Microsoft SQL Server\150\DTS\Binn\;C:\Program Files\Azure Data Studio\bin;C:\Program Files\Microsoft VS Code\bin;C:\Program Files\nodejs\;C:\Program Files\Git\cmd;C:\WINDOWS\system32;C:\WINDOWS;C:\WINDOWS\System32\Wbem;C:\WINDOWS\System32\WindowsPowerShell\v1.0\;C:\WINDOWS\System32\OpenSSH\;E:\apache-maven-3.9.4-bin\apache-maven-3.9.4\bin;E:\apache-maven-3.9.4-bin\apache-maven-3.9.4\bin;C:\Program Files\Java\jdk-17;C:\Program Files\MySQL\MySQL Shell 8.0\bin\;C:\Users\ASUS\AppData\Local\Programs\Python\Python310\Scripts\;C:\Users\ASUS\AppData\Local\Programs\Python\Python310\;C:\Users\ASUS\AppData\Local\Microsoft\WindowsApps;C:\Users\ASUS\AppData\Local\Programs\Microsoft VS Code\bin;C:\Users\ASUS\AppData\Local\GitHubDesktop\bin;C:\Program Files\Azure Data Studio\bin;C:\Users\ASUS\AppData\Roaming\npm;;C:\Users\ASUS\Desktop;
USERNAME=ASUS
OS=Windows_NT
PROCESSOR_IDENTIFIER=AMD64 Family 23 Model 104 Stepping 1, AuthenticAMD
TMP=C:\Users\ASUS\AppData\Local\Temp
TEMP=C:\Users\ASUS\AppData\Local\Temp



---------------  S Y S T E M  ---------------

OS:
 Windows 11 , 64 bit Build 22621 (10.0.22621.2428)
OS uptime: 1 days 1:02 hours

CPU: total 12 (initial active 12) (12 cores per cpu, 2 threads per core) family 23 model 104 stepping 1 microcode 0x0, cx8, cmov, fxsr, ht, mmx, 3dnowpref, sse, sse2, sse3, ssse3, sse4a, sse4.1, sse4.2, popcnt, lzcnt, tsc, tscinvbit, avx, avx2, aes, clmul, bmi1, bmi2, adx, sha, fma, vzeroupper, clflush, clflushopt
Processor Information for processor 0
  Max Mhz: 2100, Current Mhz: 1988, Mhz Limit: 2100
Processor Information for processor 1
  Max Mhz: 2100, Current Mhz: 1988, Mhz Limit: 2100
Processor Information for processor 2
  Max Mhz: 2100, Current Mhz: 2100, Mhz Limit: 2100
Processor Information for processor 3
  Max Mhz: 2100, Current Mhz: 1988, Mhz Limit: 2100
Processor Information for processor 4
  Max Mhz: 2100, Current Mhz: 2100, Mhz Limit: 2100
Processor Information for processor 5
  Max Mhz: 2100, Current Mhz: 1988, Mhz Limit: 2100
Processor Information for processor 6
  Max Mhz: 2100, Current Mhz: 1988, Mhz Limit: 2100
Processor Information for processor 7
  Max Mhz: 2100, Current Mhz: 1988, Mhz Limit: 2100
Processor Information for processor 8
  Max Mhz: 2100, Current Mhz: 1988, Mhz Limit: 2100
Processor Information for processor 9
  Max Mhz: 2100, Current Mhz: 2100, Mhz Limit: 2100
Processor Information for processor 10
  Max Mhz: 2100, Current Mhz: 1988, Mhz Limit: 2100
Processor Information for processor 11
  Max Mhz: 2100, Current Mhz: 1988, Mhz Limit: 2100

Memory: 4k page, system-wide physical 7563M (2398M free)
TotalPageFile size 19407M (AvailPageFile size 3095M)
current process WorkingSet (physical memory assigned to process): 114M, peak: 114M
current process commit charge ("private bytes"): 245M, peak: 246M

vm_info: OpenJDK 64-Bit Server VM (17.0.8.1+1) for windows-amd64 JRE (17.0.8.1+1), built on Aug 23 2023 15:29:17 by "admin" with MS VC++ 16.7 (VS2019)

END.
